<?xml version="1.0" encoding="UTF-8"?>
<!-- Generated by org.testng.reporters.JUnitXMLReporter -->
<testsuite ignored="0" hostname="DESKTOP-E5P6FT5" failures="1" tests="15" name="HomePage" time="35.995" errors="0" timestamp="02 Oct 2023 15:50:17 GMT">
  <testcase classname="tests.BankScenarios" name="addCustomer" time="2.993"/>
  <testcase classname="tests.BankScenarios" name="addCustomer" time="0.845"/>
  <testcase classname="tests.BankScenarios" name="addCustomer" time="0.867"/>
  <testcase classname="tests.BankScenarios" name="addCustomer" time="0.9"/>
  <testcase classname="tests.BankScenarios" name="addCustomer" time="0.863"/>
  <testcase classname="tests.BankScenarios" name="addCustomer" time="0.911"/>
  <testcase classname="tests.BankScenarios" name="addCustomer" time="6.114"/>
  <testcase classname="tests.BankScenarios" name="addUser" time="9.906">
    <failure type="java.lang.AssertionError" message="expected [true] but found [false]">
      <![CDATA[java.lang.AssertionError: expected [true] but found [false]
at tests.BankScenarios.addUser(BankScenarios.java:224)
... Removed 33 stack frames]]>
    </failure>
  </testcase> <!-- addUser -->
  <testcase classname="tests.BankScenarios" name="performTransaction" time="2.092"/>
  <testcase classname="tests.BankScenarios" name="performTransaction" time="1.258"/>
  <testcase classname="tests.BankScenarios" name="performTransaction" time="0.895"/>
  <testcase classname="tests.BankScenarios" name="performTransaction" time="0.913"/>
  <testcase classname="tests.BankScenarios" name="performTransaction" time="0.84"/>
  <testcase classname="tests.BankScenarios" name="performTransaction" time="0.884"/>
  <testcase classname="tests.BankScenarios" name="performTransaction" time="0.847"/>
</testsuite> <!-- HomePage -->
